<?xml version="1.0" encoding="UTF-8"?>
<!-- Generated by org.testng.reporters.JUnitReportReporter -->
<testsuite hostname="LAPTOP-3BL16AQ1" failures="0" tests="1" name="TestNg.Car_loan" time="0.033" errors="0" timestamp="2022-11-04T17:11:32 IST" skipped="0">
  <testcase classname="TestNg.Car_loan" name="APILoginCarLoan" time="0.033"/>
  <system-out/>
</testsuite> <!-- TestNg.Car_loan -->
