<?xml version="1.0" encoding="UTF-8"?>
<!-- Generated by org.testng.reporters.JUnitReportReporter -->
<testsuite hostname="LAPTOP-3BL16AQ1" failures="0" tests="3" name="TestNg.TestNgExample_Chrome" time="1.667" errors="0" timestamp="2022-11-03T20:36:09 IST" skipped="0">
  <testcase classname="TestNg.TestNgExample_Chrome" name="enterPassword" time="0.232"/>
  <system-out/>
  <testcase classname="TestNg.TestNgExample_Chrome" name="enterUsername" time="1.332"/>
  <system-out/>
  <testcase classname="TestNg.TestNgExample_Chrome" name="clickLogin" time="0.103"/>
  <system-out/>
</testsuite> <!-- TestNg.TestNgExample_Chrome -->
