<?xml version="1.0" encoding="UTF-8"?>
<!-- Generated by org.testng.reporters.JUnitReportReporter -->
<testsuite hostname="LAPTOP-3BL16AQ1" failures="0" tests="3" name="TestNGAssertions.SoftAssertion_TestNG" time="5.053" errors="0" timestamp="2022-11-08T20:42:23 IST" skipped="0">
  <testcase classname="TestNGAssertions.SoftAssertion_TestNG" name="enterUsername" time="1.064"/>
  <system-out/>
  <testcase classname="TestNGAssertions.SoftAssertion_TestNG" name="enterPassword" time="0.386"/>
  <system-out/>
  <testcase classname="TestNGAssertions.SoftAssertion_TestNG" name="signout" time="3.603"/>
  <system-out/>
</testsuite> <!-- TestNGAssertions.SoftAssertion_TestNG -->
