<?xml version="1.0" encoding="UTF-8"?>
<!-- Generated by org.testng.reporters.JUnitReportReporter -->
<testsuite hostname="LAPTOP-3BL16AQ1" failures="0" tests="3" name="TestNg.TestNgExample_Edge" time="1.133" errors="0" timestamp="2022-11-03T20:16:40 IST" skipped="0">
  <testcase classname="TestNg.TestNgExample_Edge" name="enterUsername" time="0.396"/>
  <system-out/>
  <testcase classname="TestNg.TestNgExample_Edge" name="enterPassword" time="0.497"/>
  <system-out/>
  <testcase classname="TestNg.TestNgExample_Edge" name="clickLogin" time="0.240"/>
  <system-out/>
</testsuite> <!-- TestNg.TestNgExample_Edge -->
