<?xml version="1.0" encoding="UTF-8"?>
<!-- Generated by org.testng.reporters.JUnitReportReporter -->
<testsuite hostname="LAPTOP-3BL16AQ1" failures="0" tests="1" name="Tests.Login" time="15.188" errors="0" timestamp="2022-11-10T20:28:31 IST" skipped="0">
  <testcase classname="Tests.Login" name="enterCredentials" time="15.188"/>
  <system-out/>
</testsuite> <!-- Tests.Login -->
