<?xml version="1.0" encoding="UTF-8"?>
<!-- Generated by org.testng.reporters.JUnitReportReporter -->
<testsuite hostname="LAPTOP-3BL16AQ1" failures="0" tests="1" name="TestNg.TestNgExample1" time="18.884" errors="0" timestamp="2022-11-03T20:16:40 IST" skipped="0">
  <testcase classname="TestNg.TestNgExample1" name="verify" time="18.884"/>
  <system-out/>
</testsuite> <!-- TestNg.TestNgExample1 -->
