<?xml version="1.0" encoding="UTF-8"?>
<!-- Generated by org.testng.reporters.JUnitReportReporter -->
<testsuite hostname="LAPTOP-3BL16AQ1" failures="0" tests="4" name="TestNg.TestNgExample_InvocationCount" time="19.113" errors="0" timestamp="2022-11-04T20:28:14 IST" skipped="0">
  <testcase classname="TestNg.TestNgExample_InvocationCount" name="enterDataToTheFields" time="3.584"/>
  <system-out/>
  <testcase classname="TestNg.TestNgExample_InvocationCount" name="enterDataToTheFields" time="7.261"/>
  <system-out/>
  <testcase classname="TestNg.TestNgExample_InvocationCount" name="enterDataToTheFields" time="3.016"/>
  <system-out/>
  <testcase classname="TestNg.TestNgExample_InvocationCount" name="enterDataToTheFields" time="5.252"/>
  <system-out/>
</testsuite> <!-- TestNg.TestNgExample_InvocationCount -->
