<?xml version="1.0" encoding="UTF-8"?>
<!-- Generated by org.testng.reporters.JUnitReportReporter -->
<testsuite hostname="LAPTOP-3BL16AQ1" failures="0" tests="3" name="TestNg.TestNgExample2" time="0.780" errors="0" timestamp="2022-11-03T20:16:40 IST" skipped="0">
  <testcase classname="TestNg.TestNgExample2" name="enterUsername" time="0.205"/>
  <system-out/>
  <testcase classname="TestNg.TestNgExample2" name="enterPassword" time="0.411"/>
  <system-out/>
  <testcase classname="TestNg.TestNgExample2" name="clickLogin" time="0.164"/>
  <system-out/>
</testsuite> <!-- TestNg.TestNgExample2 -->
