<?xml version="1.0" encoding="UTF-8"?>
<!-- Generated by org.testng.reporters.JUnitReportReporter -->
<testsuite hostname="LAPTOP-3BL16AQ1" failures="0" tests="2" name="Tests.LoginAndLogout" time="5.787" errors="0" timestamp="2022-11-11T20:36:19 IST" skipped="0">
  <testcase classname="Tests.LoginAndLogout" name="enterCredentials" time="2.703"/>
  <system-out/>
  <testcase classname="Tests.LoginAndLogout" name="clickLogout" time="3.084"/>
  <system-out/>
</testsuite> <!-- Tests.LoginAndLogout -->
