<?xml version="1.0" encoding="UTF-8"?>
<!-- Generated by org.testng.reporters.JUnitReportReporter -->
<testsuite hostname="LAPTOP-3BL16AQ1" failures="0" tests="3" name="TestNGAssertions.HardAssertion_TestNG" time="35.629" errors="0" timestamp="2022-11-08T20:27:17 IST" skipped="0">
  <testcase classname="TestNGAssertions.HardAssertion_TestNG" name="enterUsername" time="15.714"/>
  <system-out/>
  <testcase classname="TestNGAssertions.HardAssertion_TestNG" name="enterPassword" time="9.942"/>
  <system-out/>
  <testcase classname="TestNGAssertions.HardAssertion_TestNG" name="signout" time="9.973"/>
  <system-out/>
</testsuite> <!-- TestNGAssertions.HardAssertion_TestNG -->
