<?xml version="1.0" encoding="UTF-8"?>
<!-- Generated by org.testng.reporters.JUnitReportReporter -->
<testsuite hostname="LAPTOP-3BL16AQ1" failures="0" tests="2" name="Listeners.Screenshots_Dynamicway" time="0.348" errors="0" timestamp="2022-11-16T20:14:03 IST" skipped="0">
  <testcase classname="Listeners.Screenshots_Dynamicway" name="enterDataToTheField1" time="0.180"/>
  <system-out/>
  <testcase classname="Listeners.Screenshots_Dynamicway" name="enterDataToTheFields" time="0.168"/>
  <system-out/>
</testsuite> <!-- Listeners.Screenshots_Dynamicway -->
