<?xml version="1.0" encoding="UTF-8"?>
<!-- Generated by org.testng.reporters.JUnitReportReporter -->
<testsuite hostname="LAPTOP-3BL16AQ1" failures="0" tests="2" name="Tests.ForgotPassword" time="29.973" errors="0" timestamp="2022-11-10T20:35:51 IST" skipped="0">
  <testcase classname="Tests.ForgotPassword" name="clickForgotPassword" time="20.832"/>
  <system-out/>
  <testcase classname="Tests.ForgotPassword" name="enterCredentialsonForgotPasswordPage" time="9.141"/>
  <system-out/>
</testsuite> <!-- Tests.ForgotPassword -->
