<?xml version="1.0" encoding="UTF-8"?>
<!-- Generated by org.testng.reporters.JUnitReportReporter -->
<testsuite hostname="LAPTOP-3BL16AQ1" failures="0" tests="2" name="TestNgScreenshots.Screenshots_Dynamicway" time="0.851" errors="0" timestamp="2022-11-04T20:54:03 IST" skipped="0">
  <testcase classname="TestNgScreenshots.Screenshots_Dynamicway" name="enterDataToTheField1" time="0.476"/>
  <system-out/>
  <testcase classname="TestNgScreenshots.Screenshots_Dynamicway" name="enterDataToTheFields" time="0.375"/>
  <system-out/>
</testsuite> <!-- TestNgScreenshots.Screenshots_Dynamicway -->
