<?xml version="1.0" encoding="UTF-8"?>
<!-- Generated by org.testng.reporters.JUnitReportReporter -->
<testsuite hostname="LAPTOP-3BL16AQ1" failures="0" tests="1" name="TestNgScreenshots.Screenshots_StaticWay" time="3.420" errors="0" timestamp="2022-11-04T20:41:42 IST" skipped="0">
  <testcase classname="TestNgScreenshots.Screenshots_StaticWay" name="enterDataToTheFields" time="3.420"/>
  <system-out/>
</testsuite> <!-- TestNgScreenshots.Screenshots_StaticWay -->
