<?xml version="1.0" encoding="UTF-8"?>
<!-- Generated by org.testng.reporters.JUnitReportReporter -->
<testsuite hostname="LAPTOP-3BL16AQ1" failures="0" tests="3" name="ExtentReports.ExtentReportExample" time="5.841" errors="0" timestamp="2022-11-16T20:29:02 IST" skipped="0">
  <testcase classname="ExtentReports.ExtentReportExample" name="loginToOrangeHRM" time="3.565"/>
  <system-out/>
  <testcase classname="ExtentReports.ExtentReportExample" name="clickPaulsam" time="0.668"/>
  <system-out/>
  <testcase classname="ExtentReports.ExtentReportExample" name="clickLogout" time="1.608"/>
  <system-out/>
</testsuite> <!-- ExtentReports.ExtentReportExample -->
